<?xml version="1.0" encoding="UTF-8"?>
<!-- Generated by org.testng.reporters.JUnitXMLReporter -->
<testsuite ignored="0" hostname="DESKTOP-U8NRAHT" failures="1" tests="1" name="Surefire test" time="24.534" errors="0" timestamp="2026-05-04T19:40:35 IST">
  <testcase classname="com.test.TrelloTest" name="fullFlow" time="21.543">
    <failure type="org.openqa.selenium.TimeoutException" message="Expected condition failed: waiting for visibility of element located by By.id: username (tried for 20 second(s) with 500 milliseconds interval)
Build info: version: &amp;apos;4.21.0&amp;apos;, revision: &amp;apos;79ed462ef4&amp;apos;
System info: os.name: &amp;apos;Windows 10&amp;apos;, os.arch: &amp;apos;amd64&amp;apos;, os.version: &amp;apos;10.0&amp;apos;, java.version: &amp;apos;17.0.11&amp;apos;
Driver info: org.openqa.selenium.chrome.ChromeDriver
Capabilities {acceptInsecureCerts: false, browserName: chrome, browserVersion: 147.0.7727.138, chrome: {chromedriverVersion: 147.0.7727.117 (474cc805edd..., userDataDir: C:/temp/chrome-profile}, fedcm:accounts: true, goog:chromeOptions: {debuggerAddress: localhost:50832}, goog:processID: 2272, networkConnectionEnabled: false, pageLoadStrategy: normal, platformName: windows, proxy: Proxy(), se:cdp: ws://localhost:50832/devtoo..., se:cdpVersion: 147.0.7727.138, setWindowRect: true, strictFileInteractability: false, timeouts: {implicit: 0, pageLoad: 300000, script: 30000}, unhandledPromptBehavior: dismiss and notify, webauthn:extension:credBlob: true, webauthn:extension:largeBlob: true, webauthn:extension:minPinLength: true, webauthn:extension:prf: true, webauthn:virtualAuthenticators: true}
Session ID: d7b72fcb03095f9f844fbf943ee90916">
      <![CDATA[org.openqa.selenium.TimeoutException: Expected condition failed: waiting for visibility of element located by By.id: username (tried for 20 second(s) with 500 milliseconds interval)
Build info: version: '4.21.0', revision: '79ed462ef4'
System info: os.name: 'Windows 10', os.arch: 'amd64', os.version: '10.0', java.version: '17.0.11'
Driver info: org.openqa.selenium.chrome.ChromeDriver
Capabilities {acceptInsecureCerts: false, browserName: chrome, browserVersion: 147.0.7727.138, chrome: {chromedriverVersion: 147.0.7727.117 (474cc805edd..., userDataDir: C:/temp/chrome-profile}, fedcm:accounts: true, goog:chromeOptions: {debuggerAddress: localhost:50832}, goog:processID: 2272, networkConnectionEnabled: false, pageLoadStrategy: normal, platformName: windows, proxy: Proxy(), se:cdp: ws://localhost:50832/devtoo..., se:cdpVersion: 147.0.7727.138, setWindowRect: true, strictFileInteractability: false, timeouts: {implicit: 0, pageLoad: 300000, script: 30000}, unhandledPromptBehavior: dismiss and notify, webauthn:extension:credBlob: true, webauthn:extension:largeBlob: true, webauthn:extension:minPinLength: true, webauthn:extension:prf: true, webauthn:virtualAuthenticators: true}
Session ID: d7b72fcb03095f9f844fbf943ee90916
at org.openqa.selenium.support.ui.WebDriverWait.timeoutException(WebDriverWait.java:84)
at org.openqa.selenium.support.ui.FluentWait.until(FluentWait.java:228)
at com.test.TrelloTest.fullFlow(TrelloTest.java:35)
at java.base/java.util.ArrayList.forEach(ArrayList.java:1511)
... Removed 32 stack frames]]>
    </failure>
  </testcase> <!-- fullFlow -->
</testsuite> <!-- Surefire test -->
